# JRE version: OpenJDK Runtime Environment (8.0_76-b03) (build 1.8.0_76-release-b03)
# Java VM: OpenJDK 64-Bit Server VM (25.76-b03 mixed mode windows-amd64 compressed oops)
Heap:
 PSYoungGen      total 490496K, used 73929K [0x000000076ab00000, 0x0000000799b80000, 0x00000007c0000000)
  eden space 452608K, 9% used [0x000000076ab00000,0x000000076d37b5c8,0x0000000786500000)
  from space 37888K, 85% used [0x000000078d000000,0x000000078efb71c8,0x000000078f500000)
  to   space 109568K, 0% used [0x0000000786500000,0x0000000786500000,0x000000078d000000)
 ParOldGen       total 214016K, used 213977K [0x00000006c0000000, 0x00000006cd100000, 0x000000076ab00000)
  object space 214016K, 99% used [0x00000006c0000000,0x00000006cd0f67d8,0x00000006cd100000)
 Metaspace       used 6508K, capacity 7280K, committed 7552K, reserved 1056768K
  class space    used 592K, capacity 616K, committed 640K, reserved 1048576K
GC Heap History (10 events):
Event: 2.401 GC heap before
{Heap before GC invocations=8 (full 1):
 PSYoungGen      total 291840K, used 29152K [0x000000076ab00000, 0x0000000790e00000, 0x00000007c0000000)
  eden space 262656K, 0% used [0x000000076ab00000,0x000000076ab00000,0x000000077ab80000)
  from space 29184K, 99% used [0x000000077ab80000,0x000000077c7f80a8,0x000000077c800000)
  to   space 50176K, 0% used [0x000000078dd00000,0x000000078dd00000,0x0000000790e00000)
 ParOldGen       total 87552K, used 80115K [0x00000006c0000000, 0x00000006c5580000, 0x000000076ab00000)
  object space 87552K, 91% used [0x00000006c0000000,0x00000006c4e3cdb0,0x00000006c5580000)
 Metaspace       used 6408K, capacity 7216K, committed 7296K, reserved 1056768K
  class space    used 592K, capacity 616K, committed 640K, reserved 1048576K
Event: 2.787 GC heap after
Heap after GC invocations=8 (full 1):
 PSYoungGen      total 291840K, used 7109K [0x000000076ab00000, 0x0000000790e00000, 0x00000007c0000000)
  eden space 262656K, 0% used [0x000000076ab00000,0x000000076ab00000,0x000000077ab80000)
  from space 29184K, 24% used [0x000000077ab80000,0x000000077b2716e8,0x000000077c800000)
  to   space 50176K, 0% used [0x000000078dd00000,0x000000078dd00000,0x0000000790e00000)
 ParOldGen       total 171008K, used 87081K [0x00000006c0000000, 0x00000006ca700000, 0x000000076ab00000)
  object space 171008K, 50% used [0x00000006c0000000,0x00000006c550a568,0x00000006ca700000)
 Metaspace       used 6408K, capacity 7216K, committed 7296K, reserved 1056768K
  class space    used 592K, capacity 616K, committed 640K, reserved 1048576K
}
Event: 3.369 GC heap before
{Heap before GC invocations=9 (full 1):
 PSYoungGen      total 291840K, used 269765K [0x000000076ab00000, 0x0000000790e00000, 0x00000007c0000000)
  eden space 262656K, 100% used [0x000000076ab00000,0x000000077ab80000,0x000000077ab80000)
  from space 29184K, 24% used [0x000000077ab80000,0x000000077b2716e8,0x000000077c800000)
  to   space 50176K, 0% used [0x000000078dd00000,0x000000078dd00000,0x0000000790e00000)
 ParOldGen       total 171008K, used 87081K [0x00000006c0000000, 0x00000006ca700000, 0x000000076ab00000)
  object space 171008K, 50% used [0x00000006c0000000,0x00000006c550a568,0x00000006ca700000)
 Metaspace       used 6459K, capacity 7216K, committed 7296K, reserved 1056768K
  class space    used 592K, capacity 616K, committed 640K, reserved 1048576K
Event: 3.443 GC heap after
Heap after GC invocations=9 (full 1):
 PSYoungGen      total 401408K, used 41185K [0x000000076ab00000, 0x0000000790580000, 0x00000007c0000000)
  eden space 359936K, 0% used [0x000000076ab00000,0x000000076ab00000,0x0000000780a80000)
  from space 41472K, 99% used [0x000000078dd00000,0x0000000790538528,0x0000000790580000)
  to   space 54784K, 0% used [0x0000000789a80000,0x0000000789a80000,0x000000078d000000)
 ParOldGen       total 171008K, used 87089K [0x00000006c0000000, 0x00000006ca700000, 0x000000076ab00000)
  object space 171008K, 50% used [0x00000006c0000000,0x00000006c550c568,0x00000006ca700000)
 Metaspace       used 6459K, capacity 7216K, committed 7296K, reserved 1056768K
  class space    used 592K, capacity 616K, committed 640K, reserved 1048576K
}
Event: 4.283 GC heap before
{Heap before GC invocations=10 (full 1):
 PSYoungGen      total 401408K, used 401121K [0x000000076ab00000, 0x0000000790580000, 0x00000007c0000000)
  eden space 359936K, 100% used [0x000000076ab00000,0x0000000780a80000,0x0000000780a80000)
  from space 41472K, 99% used [0x000000078dd00000,0x0000000790538528,0x0000000790580000)
  to   space 54784K, 0% used [0x0000000789a80000,0x0000000789a80000,0x000000078d000000)
 ParOldGen       total 171008K, used 87089K [0x00000006c0000000, 0x00000006ca700000, 0x000000076ab00000)
  object space 171008K, 50% used [0x00000006c0000000,0x00000006c550c568,0x00000006ca700000)
 Metaspace       used 6498K, capacity 7280K, committed 7552K, reserved 1056768K
  class space    used 592K, capacity 616K, committed 640K, reserved 1048576K
Event: 4.373 GC heap after
Heap after GC invocations=10 (full 1):
 PSYoungGen      total 497152K, used 54755K [0x000000076ab00000, 0x000000078f500000, 0x00000007c0000000)
  eden space 442368K, 0% used [0x000000076ab00000,0x000000076ab00000,0x0000000785b00000)
  from space 54784K, 99% used [0x0000000789a80000,0x000000078cff8e18,0x000000078d000000)
  to   space 37888K, 0% used [0x000000078d000000,0x000000078d000000,0x000000078f500000)
 ParOldGen       total 171008K, used 124583K [0x00000006c0000000, 0x00000006ca700000, 0x000000076ab00000)
  object space 171008K, 72% used [0x00000006c0000000,0x00000006c79a9c50,0x00000006ca700000)
 Metaspace       used 6498K, capacity 7280K, committed 7552K, reserved 1056768K
  class space    used 592K, capacity 616K, committed 640K, reserved 1048576K
}
Event: 5.165 GC heap before
{Heap before GC invocations=11 (full 1):
 PSYoungGen      total 497152K, used 497123K [0x000000076ab00000, 0x000000078f500000, 0x00000007c0000000)
  eden space 442368K, 100% used [0x000000076ab00000,0x0000000785b00000,0x0000000785b00000)
  from space 54784K, 99% used [0x0000000789a80000,0x000000078cff8e18,0x000000078d000000)
  to   space 37888K, 0% used [0x000000078d000000,0x000000078d000000,0x000000078f500000)
 ParOldGen       total 171008K, used 124583K [0x00000006c0000000, 0x00000006ca700000, 0x000000076ab00000)
  object space 171008K, 72% used [0x00000006c0000000,0x00000006c79a9c50,0x00000006ca700000)
 Metaspace       used 6507K, capacity 7280K, committed 7552K, reserved 1056768K
  class space    used 592K, capacity 616K, committed 640K, reserved 1048576K
Event: 5.283 GC heap after
Heap after GC invocations=11 (full 1):
 PSYoungGen      total 490496K, used 37856K [0x000000076ab00000, 0x0000000799b80000, 0x00000007c0000000)
  eden space 452608K, 0% used [0x000000076ab00000,0x000000076ab00000,0x0000000786500000)
  from space 37888K, 99% used [0x000000078d000000,0x000000078f4f81f8,0x000000078f500000)
  to   space 109568K, 0% used [0x0000000786500000,0x0000000786500000,0x000000078d000000)
 ParOldGen       total 214016K, used 213882K [0x00000006c0000000, 0x00000006cd100000, 0x000000076ab00000)
  object space 214016K, 99% used [0x00000006c0000000,0x00000006cd0dea90,0x00000006cd100000)
 Metaspace       used 6507K, capacity 7280K, committed 7552K, reserved 1056768K
  class space    used 592K, capacity 616K, committed 640K, reserved 1048576K
}
Event: 5.283 GC heap before
{Heap before GC invocations=12 (full 2):
 PSYoungGen      total 490496K, used 37856K [0x000000076ab00000, 0x0000000799b80000, 0x00000007c0000000)
  eden space 452608K, 0% used [0x000000076ab00000,0x000000076ab00000,0x0000000786500000)
  from space 37888K, 99% used [0x000000078d000000,0x000000078f4f81f8,0x000000078f500000)
  to   space 109568K, 0% used [0x0000000786500000,0x0000000786500000,0x000000078d000000)
 ParOldGen       total 214016K, used 213882K [0x00000006c0000000, 0x00000006cd100000, 0x000000076ab00000)
  object space 214016K, 99% used [0x00000006c0000000,0x00000006cd0dea90,0x00000006cd100000)
 Metaspace       used 6507K, capacity 7280K, committed 7552K, reserved 1056768K
  class space    used 592K, capacity 616K, committed 640K, reserved 1048576K
Event: 6.119 GC heap after
Heap after GC invocations=12 (full 2):
 PSYoungGen      total 490496K, used 32476K [0x000000076ab00000, 0x0000000799b80000, 0x00000007c0000000)
  eden space 452608K, 0% used [0x000000076ab00000,0x000000076ab00000,0x0000000786500000)
  from space 37888K, 85% used [0x000000078d000000,0x000000078efb71c8,0x000000078f500000)
  to   space 109568K, 0% used [0x0000000786500000,0x0000000786500000,0x000000078d000000)
 ParOldGen       total 214016K, used 213977K [0x00000006c0000000, 0x00000006cd100000, 0x000000076ab00000)
  object space 214016K, 99% used [0x00000006c0000000,0x00000006cd0f67d8,0x00000006cd100000)
 Metaspace       used 6507K, capacity 7280K, committed 7552K, reserved 1056768K
  class space    used 592K, capacity 616K, committed 640K, reserved 1048576K
}

