# JRE version: OpenJDK Runtime Environment (8.0_76-b03) (build 1.8.0_76-release-b03)
# Java VM: OpenJDK 64-Bit Server VM (25.76-b03 mixed mode windows-amd64 compressed oops)
Heap:
 PSYoungGen      total 560640K, used 269640K [0x000000076ab00000, 0x000000079a700000, 0x00000007c0000000)
  eden space 453120K, 59% used [0x000000076ab00000,0x000000077b2522e8,0x0000000786580000)
  from space 107520K, 0% used [0x0000000786580000,0x0000000786580000,0x000000078ce80000)
  to   space 119296K, 0% used [0x0000000793280000,0x0000000793280000,0x000000079a700000)
 ParOldGen       total 387584K, used 387179K [0x00000006c0000000, 0x00000006d7a80000, 0x000000076ab00000)
  object space 387584K, 99% used [0x00000006c0000000,0x00000006d7a1ac28,0x00000006d7a80000)
 Metaspace       used 6526K, capacity 7280K, committed 7552K, reserved 1056768K
  class space    used 594K, capacity 616K, committed 640K, reserved 1048576K
GC Heap History (10 events):
Event: 9.594 GC heap before
{Heap before GC invocations=14 (full 2):
 PSYoungGen      total 560640K, used 543137K [0x000000076ab00000, 0x000000079a700000, 0x00000007c0000000)
  eden space 453120K, 100% used [0x000000076ab00000,0x0000000786580000,0x0000000786580000)
  from space 107520K, 83% used [0x0000000786580000,0x000000078bd68410,0x000000078ce80000)
  to   space 119296K, 0% used [0x0000000793280000,0x0000000793280000,0x000000079a700000)
 ParOldGen       total 387584K, used 228154K [0x00000006c0000000, 0x00000006d7a80000, 0x000000076ab00000)
  object space 387584K, 58% used [0x00000006c0000000,0x00000006cdece828,0x00000006d7a80000)
 Metaspace       used 6522K, capacity 7280K, committed 7552K, reserved 1056768K
  class space    used 594K, capacity 616K, committed 640K, reserved 1048576K
Event: 9.809 GC heap after
Heap after GC invocations=14 (full 2):
 PSYoungGen      total 572416K, used 119279K [0x000000076ab00000, 0x000000079a700000, 0x00000007c0000000)
  eden space 453120K, 0% used [0x000000076ab00000,0x000000076ab00000,0x0000000786580000)
  from space 119296K, 99% used [0x0000000793280000,0x000000079a6fbcd8,0x000000079a700000)
  to   space 107520K, 0% used [0x0000000786580000,0x0000000786580000,0x000000078ce80000)
 ParOldGen       total 387584K, used 258824K [0x00000006c0000000, 0x00000006d7a80000, 0x000000076ab00000)
  object space 387584K, 66% used [0x00000006c0000000,0x00000006cfcc21a8,0x00000006d7a80000)
 Metaspace       used 6522K, capacity 7280K, committed 7552K, reserved 1056768K
  class space    used 594K, capacity 616K, committed 640K, reserved 1048576K
}
Event: 10.737 GC heap before
{Heap before GC invocations=15 (full 2):
 PSYoungGen      total 572416K, used 572399K [0x000000076ab00000, 0x000000079a700000, 0x00000007c0000000)
  eden space 453120K, 100% used [0x000000076ab00000,0x0000000786580000,0x0000000786580000)
  from space 119296K, 99% used [0x0000000793280000,0x000000079a6fbcd8,0x000000079a700000)
  to   space 107520K, 0% used [0x0000000786580000,0x0000000786580000,0x000000078ce80000)
 ParOldGen       total 387584K, used 258824K [0x00000006c0000000, 0x00000006d7a80000, 0x000000076ab00000)
  object space 387584K, 66% used [0x00000006c0000000,0x00000006cfcc21a8,0x00000006d7a80000)
 Metaspace       used 6525K, capacity 7280K, committed 7552K, reserved 1056768K
  class space    used 594K, capacity 616K, committed 640K, reserved 1048576K
Event: 10.927 GC heap after
Heap after GC invocations=15 (full 2):
 PSYoungGen      total 560640K, used 107497K [0x000000076ab00000, 0x000000079a700000, 0x00000007c0000000)
  eden space 453120K, 0% used [0x000000076ab00000,0x000000076ab00000,0x0000000786580000)
  from space 107520K, 99% used [0x0000000786580000,0x000000078ce7a7b0,0x000000078ce80000)
  to   space 119296K, 0% used [0x0000000793280000,0x0000000793280000,0x000000079a700000)
 ParOldGen       total 387584K, used 342250K [0x00000006c0000000, 0x00000006d7a80000, 0x000000076ab00000)
  object space 387584K, 88% used [0x00000006c0000000,0x00000006d4e3ab70,0x00000006d7a80000)
 Metaspace       used 6525K, capacity 7280K, committed 7552K, reserved 1056768K
  class space    used 594K, capacity 616K, committed 640K, reserved 1048576K
}
Event: 10.927 GC heap before
{Heap before GC invocations=16 (full 3):
 PSYoungGen      total 560640K, used 107497K [0x000000076ab00000, 0x000000079a700000, 0x00000007c0000000)
  eden space 453120K, 0% used [0x000000076ab00000,0x000000076ab00000,0x0000000786580000)
  from space 107520K, 99% used [0x0000000786580000,0x000000078ce7a7b0,0x000000078ce80000)
  to   space 119296K, 0% used [0x0000000793280000,0x0000000793280000,0x000000079a700000)
 ParOldGen       total 387584K, used 342250K [0x00000006c0000000, 0x00000006d7a80000, 0x000000076ab00000)
  object space 387584K, 88% used [0x00000006c0000000,0x00000006d4e3ab70,0x00000006d7a80000)
 Metaspace       used 6525K, capacity 7280K, committed 7552K, reserved 1056768K
  class space    used 594K, capacity 616K, committed 640K, reserved 1048576K
Event: 12.017 GC heap after
Heap after GC invocations=16 (full 3):
 PSYoungGen      total 560640K, used 50964K [0x000000076ab00000, 0x000000079a700000, 0x00000007c0000000)
  eden space 453120K, 0% used [0x000000076ab00000,0x000000076ab00000,0x0000000786580000)
  from space 107520K, 47% used [0x0000000786580000,0x00000007897450e0,0x000000078ce80000)
  to   space 119296K, 0% used [0x0000000793280000,0x0000000793280000,0x000000079a700000)
 ParOldGen       total 387584K, used 387091K [0x00000006c0000000, 0x00000006d7a80000, 0x000000076ab00000)
  object space 387584K, 99% used [0x00000006c0000000,0x00000006d7a04cf0,0x00000006d7a80000)
 Metaspace       used 6525K, capacity 7280K, committed 7552K, reserved 1056768K
  class space    used 594K, capacity 616K, committed 640K, reserved 1048576K
}
Event: 12.575 GC heap before
{Heap before GC invocations=17 (full 4):
 PSYoungGen      total 560640K, used 504084K [0x000000076ab00000, 0x000000079a700000, 0x00000007c0000000)
  eden space 453120K, 100% used [0x000000076ab00000,0x0000000786580000,0x0000000786580000)
  from space 107520K, 47% used [0x0000000786580000,0x00000007897450e0,0x000000078ce80000)
  to   space 119296K, 0% used [0x0000000793280000,0x0000000793280000,0x000000079a700000)
 ParOldGen       total 387584K, used 387091K [0x00000006c0000000, 0x00000006d7a80000, 0x000000076ab00000)
  object space 387584K, 99% used [0x00000006c0000000,0x00000006d7a04cf0,0x00000006d7a80000)
 Metaspace       used 6526K, capacity 7280K, committed 7552K, reserved 1056768K
  class space    used 594K, capacity 616K, committed 640K, reserved 1048576K
Event: 14.117 GC heap after
Heap after GC invocations=17 (full 4):
 PSYoungGen      total 560640K, used 120165K [0x000000076ab00000, 0x000000079a700000, 0x00000007c0000000)
  eden space 453120K, 26% used [0x000000076ab00000,0x0000000772059560,0x0000000786580000)
  from space 107520K, 0% used [0x0000000786580000,0x0000000786580000,0x000000078ce80000)
  to   space 119296K, 0% used [0x0000000793280000,0x0000000793280000,0x000000079a700000)
 ParOldGen       total 387584K, used 387504K [0x00000006c0000000, 0x00000006d7a80000, 0x000000076ab00000)
  object space 387584K, 99% used [0x00000006c0000000,0x00000006d7a6c080,0x00000006d7a80000)
 Metaspace       used 6526K, capacity 7280K, committed 7552K, reserved 1056768K
  class space    used 594K, capacity 616K, committed 640K, reserved 1048576K
}
Event: 14.405 GC heap before
{Heap before GC invocations=18 (full 5):
 PSYoungGen      total 560640K, used 453120K [0x000000076ab00000, 0x000000079a700000, 0x00000007c0000000)
  eden space 453120K, 100% used [0x000000076ab00000,0x0000000786580000,0x0000000786580000)
  from space 107520K, 0% used [0x0000000786580000,0x0000000786580000,0x000000078ce80000)
  to   space 119296K, 0% used [0x0000000793280000,0x0000000793280000,0x000000079a700000)
 ParOldGen       total 387584K, used 387504K [0x00000006c0000000, 0x00000006d7a80000, 0x000000076ab00000)
  object space 387584K, 99% used [0x00000006c0000000,0x00000006d7a6c080,0x00000006d7a80000)
 Metaspace       used 6526K, capacity 7280K, committed 7552K, reserved 1056768K
  class space    used 594K, capacity 616K, committed 640K, reserved 1048576K
Event: 15.502 GC heap after
Heap after GC invocations=18 (full 5):
 PSYoungGen      total 560640K, used 165945K [0x000000076ab00000, 0x000000079a700000, 0x00000007c0000000)
  eden space 453120K, 36% used [0x000000076ab00000,0x0000000774d0e418,0x0000000786580000)
  from space 107520K, 0% used [0x0000000786580000,0x0000000786580000,0x000000078ce80000)
  to   space 119296K, 0% used [0x0000000793280000,0x0000000793280000,0x000000079a700000)
 ParOldGen       total 387584K, used 387179K [0x00000006c0000000, 0x00000006d7a80000, 0x000000076ab00000)
  object space 387584K, 99% used [0x00000006c0000000,0x00000006d7a1ac28,0x00000006d7a80000)
 Metaspace       used 6526K, capacity 7280K, committed 7552K, reserved 1056768K
  class space    used 594K, capacity 616K, committed 640K, reserved 1048576K
}

