# JRE version: OpenJDK Runtime Environment (8.0_76-b03) (build 1.8.0_76-release-b03)
# Java VM: OpenJDK 64-Bit Server VM (25.76-b03 mixed mode windows-amd64 compressed oops)
Heap:
 PSYoungGen      total 563712K, used 346653K [0x000000076ab00000, 0x00000007a7000000, 0x00000007c0000000)
  eden space 169984K, 2% used [0x000000076ab00000,0x000000076aed2ab8,0x0000000775100000)
  from space 393728K, 87% used [0x000000078ef80000,0x00000007a3e34d10,0x00000007a7000000)
  to   space 351744K, 0% used [0x0000000775100000,0x0000000775100000,0x000000078a880000)
 ParOldGen       total 2796544K, used 443525K [0x00000006c0000000, 0x000000076ab00000, 0x000000076ab00000)
  object space 2796544K, 15% used [0x00000006c0000000,0x00000006db1215c8,0x000000076ab00000)
 Metaspace       used 6663K, capacity 7344K, committed 7552K, reserved 1056768K
  class space    used 602K, capacity 616K, committed 640K, reserved 1048576K
GC Heap History (10 events):
Event: 872.343 GC heap before
{Heap before GC invocations=1842 (full 1822):
 PSYoungGen      total 396800K, used 385046K [0x000000076ab00000, 0x0000000795180000, 0x00000007c0000000)
  eden space 187904K, 100% used [0x000000076ab00000,0x0000000776280000,0x0000000776280000)
  from space 208896K, 94% used [0x0000000776280000,0x0000000782305990,0x0000000782e80000)
  to   space 238592K, 0% used [0x0000000786880000,0x0000000786880000,0x0000000795180000)
 ParOldGen       total 2796544K, used 443509K [0x00000006c0000000, 0x000000076ab00000, 0x000000076ab00000)
  object space 2796544K, 15% used [0x00000006c0000000,0x00000006db11d5c8,0x000000076ab00000)
 Metaspace       used 6555K, capacity 7280K, committed 7552K, reserved 1056768K
  class space    used 597K, capacity 616K, committed 640K, reserved 1048576K
Event: 872.605 GC heap after
Heap after GC invocations=1842 (full 1822):
 PSYoungGen      total 421376K, used 227318K [0x000000076ab00000, 0x0000000799600000, 0x00000007c0000000)
  eden space 182784K, 0% used [0x000000076ab00000,0x000000076ab00000,0x0000000775d80000)
  from space 238592K, 95% used [0x0000000786880000,0x000000079467d8f8,0x0000000795180000)
  to   space 273408K, 0% used [0x0000000775d80000,0x0000000775d80000,0x0000000786880000)
 ParOldGen       total 2796544K, used 443509K [0x00000006c0000000, 0x000000076ab00000, 0x000000076ab00000)
  object space 2796544K, 15% used [0x00000006c0000000,0x00000006db11d5c8,0x000000076ab00000)
 Metaspace       used 6555K, capacity 7280K, committed 7552K, reserved 1056768K
  class space    used 597K, capacity 616K, committed 640K, reserved 1048576K
}
Event: 873.123 GC heap before
{Heap before GC invocations=1843 (full 1822):
 PSYoungGen      total 421376K, used 410102K [0x000000076ab00000, 0x0000000799600000, 0x00000007c0000000)
  eden space 182784K, 100% used [0x000000076ab00000,0x0000000775d80000,0x0000000775d80000)
  from space 238592K, 95% used [0x0000000786880000,0x000000079467d8f8,0x0000000795180000)
  to   space 273408K, 0% used [0x0000000775d80000,0x0000000775d80000,0x0000000786880000)
 ParOldGen       total 2796544K, used 443509K [0x00000006c0000000, 0x000000076ab00000, 0x000000076ab00000)
  object space 2796544K, 15% used [0x00000006c0000000,0x00000006db11d5c8,0x000000076ab00000)
 Metaspace       used 6565K, capacity 7344K, committed 7552K, reserved 1056768K
  class space    used 597K, capacity 616K, committed 640K, reserved 1048576K
Event: 873.360 GC heap after
Heap after GC invocations=1843 (full 1822):
 PSYoungGen      total 456192K, used 253478K [0x000000076ab00000, 0x000000079d880000, 0x00000007c0000000)
  eden space 182784K, 0% used [0x000000076ab00000,0x000000076ab00000,0x0000000775d80000)
  from space 273408K, 92% used [0x0000000775d80000,0x0000000785509b80,0x0000000786880000)
  to   space 311296K, 0% used [0x000000078a880000,0x000000078a880000,0x000000079d880000)
 ParOldGen       total 2796544K, used 443509K [0x00000006c0000000, 0x000000076ab00000, 0x000000076ab00000)
  object space 2796544K, 15% used [0x00000006c0000000,0x00000006db11d5c8,0x000000076ab00000)
 Metaspace       used 6565K, capacity 7344K, committed 7552K, reserved 1056768K
  class space    used 597K, capacity 616K, committed 640K, reserved 1048576K
}
Event: 873.545 GC heap before
{Heap before GC invocations=1844 (full 1822):
 PSYoungGen      total 456192K, used 436262K [0x000000076ab00000, 0x000000079d880000, 0x00000007c0000000)
  eden space 182784K, 100% used [0x000000076ab00000,0x0000000775d80000,0x0000000775d80000)
  from space 273408K, 92% used [0x0000000775d80000,0x0000000785509b80,0x0000000786880000)
  to   space 311296K, 0% used [0x000000078a880000,0x000000078a880000,0x000000079d880000)
 ParOldGen       total 2796544K, used 443509K [0x00000006c0000000, 0x000000076ab00000, 0x000000076ab00000)
  object space 2796544K, 15% used [0x00000006c0000000,0x00000006db11d5c8,0x000000076ab00000)
 Metaspace       used 6565K, capacity 7344K, committed 7552K, reserved 1056768K
  class space    used 597K, capacity 616K, committed 640K, reserved 1048576K
Event: 874.003 GC heap after
Heap after GC invocations=1844 (full 1822):
 PSYoungGen      total 481280K, used 282005K [0x000000076ab00000, 0x00000007a2d80000, 0x00000007c0000000)
  eden space 169984K, 0% used [0x000000076ab00000,0x000000076ab00000,0x0000000775100000)
  from space 311296K, 90% used [0x000000078a880000,0x000000079bbe5738,0x000000079d880000)
  to   space 351744K, 0% used [0x0000000775100000,0x0000000775100000,0x000000078a880000)
 ParOldGen       total 2796544K, used 443509K [0x00000006c0000000, 0x000000076ab00000, 0x000000076ab00000)
  object space 2796544K, 15% used [0x00000006c0000000,0x00000006db11d5c8,0x000000076ab00000)
 Metaspace       used 6565K, capacity 7344K, committed 7552K, reserved 1056768K
  class space    used 597K, capacity 616K, committed 640K, reserved 1048576K
}
Event: 874.579 GC heap before
{Heap before GC invocations=1845 (full 1822):
 PSYoungGen      total 481280K, used 451989K [0x000000076ab00000, 0x00000007a2d80000, 0x00000007c0000000)
  eden space 169984K, 100% used [0x000000076ab00000,0x0000000775100000,0x0000000775100000)
  from space 311296K, 90% used [0x000000078a880000,0x000000079bbe5738,0x000000079d880000)
  to   space 351744K, 0% used [0x0000000775100000,0x0000000775100000,0x000000078a880000)
 ParOldGen       total 2796544K, used 443509K [0x00000006c0000000, 0x000000076ab00000, 0x000000076ab00000)
  object space 2796544K, 15% used [0x00000006c0000000,0x00000006db11d5c8,0x000000076ab00000)
 Metaspace       used 6643K, capacity 7344K, committed 7552K, reserved 1056768K
  class space    used 601K, capacity 616K, committed 640K, reserved 1048576K
Event: 874.978 GC heap after
Heap after GC invocations=1845 (full 1822):
 PSYoungGen      total 521728K, used 308849K [0x000000076ab00000, 0x00000007a7000000, 0x00000007c0000000)
  eden space 169984K, 0% used [0x000000076ab00000,0x000000076ab00000,0x0000000775100000)
  from space 351744K, 87% used [0x0000000775100000,0x0000000787e9c4f0,0x000000078a880000)
  to   space 393728K, 0% used [0x000000078ef80000,0x000000078ef80000,0x00000007a7000000)
 ParOldGen       total 2796544K, used 443517K [0x00000006c0000000, 0x000000076ab00000, 0x000000076ab00000)
  object space 2796544K, 15% used [0x00000006c0000000,0x00000006db11f5c8,0x000000076ab00000)
 Metaspace       used 6643K, capacity 7344K, committed 7552K, reserved 1056768K
  class space    used 601K, capacity 616K, committed 640K, reserved 1048576K
}
Event: 875.367 GC heap before
{Heap before GC invocations=1846 (full 1822):
 PSYoungGen      total 521728K, used 478833K [0x000000076ab00000, 0x00000007a7000000, 0x00000007c0000000)
  eden space 169984K, 100% used [0x000000076ab00000,0x0000000775100000,0x0000000775100000)
  from space 351744K, 87% used [0x0000000775100000,0x0000000787e9c4f0,0x000000078a880000)
  to   space 393728K, 0% used [0x000000078ef80000,0x000000078ef80000,0x00000007a7000000)
 ParOldGen       total 2796544K, used 443517K [0x00000006c0000000, 0x000000076ab00000, 0x000000076ab00000)
  object space 2796544K, 15% used [0x00000006c0000000,0x00000006db11f5c8,0x000000076ab00000)
 Metaspace       used 6663K, capacity 7344K, committed 7552K, reserved 1056768K
  class space    used 602K, capacity 616K, committed 640K, reserved 1048576K
Event: 875.735 GC heap after
Heap after GC invocations=1846 (full 1822):
 PSYoungGen      total 563712K, used 342739K [0x000000076ab00000, 0x00000007a7000000, 0x00000007c0000000)
  eden space 169984K, 0% used [0x000000076ab00000,0x000000076ab00000,0x0000000775100000)
  from space 393728K, 87% used [0x000000078ef80000,0x00000007a3e34d10,0x00000007a7000000)
  to   space 351744K, 0% used [0x0000000775100000,0x0000000775100000,0x000000078a880000)
 ParOldGen       total 2796544K, used 443525K [0x00000006c0000000, 0x000000076ab00000, 0x000000076ab00000)
  object space 2796544K, 15% used [0x00000006c0000000,0x00000006db1215c8,0x000000076ab00000)
 Metaspace       used 6663K, capacity 7344K, committed 7552K, reserved 1056768K
  class space    used 602K, capacity 616K, committed 640K, reserved 1048576K
}

