# JRE version: OpenJDK Runtime Environment (8.0_76-b03) (build 1.8.0_76-release-b03)
# Java VM: OpenJDK 64-Bit Server VM (25.76-b03 mixed mode windows-amd64 compressed oops)
Heap:
 PSYoungGen      total 651776K, used 246431K [0x000000076ab00000, 0x00000007a3080000, 0x00000007c0000000)
  eden space 512512K, 48% used [0x000000076ab00000,0x0000000779ba7e60,0x0000000789f80000)
  from space 139264K, 0% used [0x0000000789f80000,0x0000000789f80000,0x0000000792780000)
  to   space 139776K, 0% used [0x000000079a800000,0x000000079a800000,0x00000007a3080000)
 ParOldGen       total 1312768K, used 511313K [0x00000006c0000000, 0x0000000710200000, 0x000000076ab00000)
  object space 1312768K, 38% used [0x00000006c0000000,0x00000006df354638,0x0000000710200000)
 Metaspace       used 7396K, capacity 7864K, committed 8192K, reserved 1056768K
  class space    used 651K, capacity 688K, committed 768K, reserved 1048576K
GC Heap History (10 events):
Event: 17.821 GC heap before
{Heap before GC invocations=21 (full 7):
 PSYoungGen      total 651776K, used 512512K [0x000000076ab00000, 0x00000007a3080000, 0x00000007c0000000)
  eden space 512512K, 100% used [0x000000076ab00000,0x0000000789f80000,0x0000000789f80000)
  from space 139264K, 0% used [0x0000000789f80000,0x0000000789f80000,0x0000000792780000)
  to   space 139776K, 0% used [0x000000079a800000,0x000000079a800000,0x00000007a3080000)
 ParOldGen       total 511488K, used 511280K [0x00000006c0000000, 0x00000006df380000, 0x000000076ab00000)
  object space 511488K, 99% used [0x00000006c0000000,0x00000006df34c230,0x00000006df380000)
 Metaspace       used 6570K, capacity 7344K, committed 7552K, reserved 1056768K
  class space    used 598K, capacity 616K, committed 640K, reserved 1048576K
Event: 19.086 GC heap after
Heap after GC invocations=21 (full 7):
 PSYoungGen      total 651776K, used 248216K [0x000000076ab00000, 0x00000007a3080000, 0x00000007c0000000)
  eden space 512512K, 48% used [0x000000076ab00000,0x0000000779d661f8,0x0000000789f80000)
  from space 139264K, 0% used [0x0000000789f80000,0x0000000789f80000,0x0000000792780000)
  to   space 139776K, 0% used [0x000000079a800000,0x000000079a800000,0x00000007a3080000)
 ParOldGen       total 511488K, used 511251K [0x00000006c0000000, 0x00000006df380000, 0x000000076ab00000)
  object space 511488K, 99% used [0x00000006c0000000,0x00000006df344ea8,0x00000006df380000)
 Metaspace       used 6570K, capacity 7344K, committed 7552K, reserved 1056768K
  class space    used 598K, capacity 616K, committed 640K, reserved 1048576K
}
Event: 19.671 GC heap before
{Heap before GC invocations=22 (full 8):
 PSYoungGen      total 651776K, used 512512K [0x000000076ab00000, 0x00000007a3080000, 0x00000007c0000000)
  eden space 512512K, 100% used [0x000000076ab00000,0x0000000789f80000,0x0000000789f80000)
  from space 139264K, 0% used [0x0000000789f80000,0x0000000789f80000,0x0000000792780000)
  to   space 139776K, 0% used [0x000000079a800000,0x000000079a800000,0x00000007a3080000)
 ParOldGen       total 511488K, used 511251K [0x00000006c0000000, 0x00000006df380000, 0x000000076ab00000)
  object space 511488K, 99% used [0x00000006c0000000,0x00000006df344ea8,0x00000006df380000)
 Metaspace       used 6693K, capacity 7410K, committed 7552K, reserved 1056768K
  class space    used 605K, capacity 618K, committed 640K, reserved 1048576K
Event: 23.052 GC heap after
Heap after GC invocations=22 (full 8):
 PSYoungGen      total 651776K, used 274987K [0x000000076ab00000, 0x00000007a3080000, 0x00000007c0000000)
  eden space 512512K, 53% used [0x000000076ab00000,0x000000077b78ac98,0x0000000789f80000)
  from space 139264K, 0% used [0x0000000789f80000,0x0000000789f80000,0x0000000792780000)
  to   space 139776K, 0% used [0x000000079a800000,0x000000079a800000,0x00000007a3080000)
 ParOldGen       total 511488K, used 511090K [0x00000006c0000000, 0x00000006df380000, 0x000000076ab00000)
  object space 511488K, 99% used [0x00000006c0000000,0x00000006df31c850,0x00000006df380000)
 Metaspace       used 6693K, capacity 7410K, committed 7552K, reserved 1056768K
  class space    used 605K, capacity 618K, committed 640K, reserved 1048576K
}
Event: 23.384 GC heap before
{Heap before GC invocations=23 (full 9):
 PSYoungGen      total 651776K, used 512512K [0x000000076ab00000, 0x00000007a3080000, 0x00000007c0000000)
  eden space 512512K, 100% used [0x000000076ab00000,0x0000000789f80000,0x0000000789f80000)
  from space 139264K, 0% used [0x0000000789f80000,0x0000000789f80000,0x0000000792780000)
  to   space 139776K, 0% used [0x000000079a800000,0x000000079a800000,0x00000007a3080000)
 ParOldGen       total 511488K, used 511090K [0x00000006c0000000, 0x00000006df380000, 0x000000076ab00000)
  object space 511488K, 99% used [0x00000006c0000000,0x00000006df31c850,0x00000006df380000)
 Metaspace       used 6696K, capacity 7410K, committed 7552K, reserved 1056768K
  class space    used 605K, capacity 618K, committed 640K, reserved 1048576K
Event: 24.574 GC heap after
Heap after GC invocations=23 (full 9):
 PSYoungGen      total 651776K, used 310887K [0x000000076ab00000, 0x00000007a3080000, 0x00000007c0000000)
  eden space 512512K, 60% used [0x000000076ab00000,0x000000077da99d50,0x0000000789f80000)
  from space 139264K, 0% used [0x0000000789f80000,0x0000000789f80000,0x0000000792780000)
  to   space 139776K, 0% used [0x000000079a800000,0x000000079a800000,0x00000007a3080000)
 ParOldGen       total 511488K, used 511071K [0x00000006c0000000, 0x00000006df380000, 0x000000076ab00000)
  object space 511488K, 99% used [0x00000006c0000000,0x00000006df317d50,0x00000006df380000)
 Metaspace       used 6696K, capacity 7410K, committed 7552K, reserved 1056768K
  class space    used 605K, capacity 618K, committed 640K, reserved 1048576K
}
Event: 24.940 GC heap before
{Heap before GC invocations=24 (full 10):
 PSYoungGen      total 651776K, used 512512K [0x000000076ab00000, 0x00000007a3080000, 0x00000007c0000000)
  eden space 512512K, 100% used [0x000000076ab00000,0x0000000789f80000,0x0000000789f80000)
  from space 139264K, 0% used [0x0000000789f80000,0x0000000789f80000,0x0000000792780000)
  to   space 139776K, 0% used [0x000000079a800000,0x000000079a800000,0x00000007a3080000)
 ParOldGen       total 511488K, used 511071K [0x00000006c0000000, 0x00000006df380000, 0x000000076ab00000)
  object space 511488K, 99% used [0x00000006c0000000,0x00000006df317d50,0x00000006df380000)
 Metaspace       used 6696K, capacity 7410K, committed 7552K, reserved 1056768K
  class space    used 605K, capacity 618K, committed 640K, reserved 1048576K
Event: 26.235 GC heap after
Heap after GC invocations=24 (full 10):
 PSYoungGen      total 651776K, used 346547K [0x000000076ab00000, 0x00000007a3080000, 0x00000007c0000000)
  eden space 512512K, 67% used [0x000000076ab00000,0x000000077fd6ce98,0x0000000789f80000)
  from space 139264K, 0% used [0x0000000789f80000,0x0000000789f80000,0x0000000792780000)
  to   space 139776K, 0% used [0x000000079a800000,0x000000079a800000,0x00000007a3080000)
 ParOldGen       total 511488K, used 511069K [0x00000006c0000000, 0x00000006df380000, 0x000000076ab00000)
  object space 511488K, 99% used [0x00000006c0000000,0x00000006df317550,0x00000006df380000)
 Metaspace       used 6696K, capacity 7410K, committed 7552K, reserved 1056768K
  class space    used 605K, capacity 618K, committed 640K, reserved 1048576K
}
Event: 28.161 GC heap before
{Heap before GC invocations=25 (full 11):
 PSYoungGen      total 651776K, used 512512K [0x000000076ab00000, 0x00000007a3080000, 0x00000007c0000000)
  eden space 512512K, 100% used [0x000000076ab00000,0x0000000789f80000,0x0000000789f80000)
  from space 139264K, 0% used [0x0000000789f80000,0x0000000789f80000,0x0000000792780000)
  to   space 139776K, 0% used [0x000000079a800000,0x000000079a800000,0x00000007a3080000)
 ParOldGen       total 511488K, used 511069K [0x00000006c0000000, 0x00000006df380000, 0x000000076ab00000)
  object space 511488K, 99% used [0x00000006c0000000,0x00000006df317550,0x00000006df380000)
 Metaspace       used 7395K, capacity 7864K, committed 8192K, reserved 1056768K
  class space    used 651K, capacity 688K, committed 768K, reserved 1048576K
Event: 30.550 GC heap after
Heap after GC invocations=25 (full 11):
 PSYoungGen      total 651776K, used 138231K [0x000000076ab00000, 0x00000007a3080000, 0x00000007c0000000)
  eden space 512512K, 26% used [0x000000076ab00000,0x00000007731fdf10,0x0000000789f80000)
  from space 139264K, 0% used [0x0000000789f80000,0x0000000789f80000,0x0000000792780000)
  to   space 139776K, 0% used [0x000000079a800000,0x000000079a800000,0x00000007a3080000)
 ParOldGen       total 1312768K, used 511313K [0x00000006c0000000, 0x0000000710200000, 0x000000076ab00000)
  object space 1312768K, 38% used [0x00000006c0000000,0x00000006df354638,0x0000000710200000)
 Metaspace       used 7395K, capacity 7864K, committed 8192K, reserved 1056768K
  class space    used 651K, capacity 688K, committed 768K, reserved 1048576K
}

