# JRE version: OpenJDK Runtime Environment (8.0_76-b03) (build 1.8.0_76-release-b03)
# Java VM: OpenJDK 64-Bit Server VM (25.76-b03 mixed mode windows-amd64 compressed oops)
Heap:
 PSYoungGen      total 795136K, used 795124K [0x000000076ab00000, 0x00000007ad700000, 0x00000007c0000000)
  eden space 566784K, 100% used [0x000000076ab00000,0x000000078d480000,0x000000078d480000)
  from space 228352K, 99% used [0x000000078d480000,0x000000079b37d000,0x000000079b380000)
  to   space 181248K, 81% used [0x000000079b380000,0x00000007a43f13d0,0x00000007a6480000)
 ParOldGen       total 513536K, used 513535K [0x00000006c0000000, 0x00000006df580000, 0x000000076ab00000)
  object space 513536K, 99% used [0x00000006c0000000,0x00000006df57fca8,0x00000006df580000)
 Metaspace       used 6565K, capacity 7344K, committed 7552K, reserved 1056768K
  class space    used 597K, capacity 616K, committed 640K, reserved 1048576K
GC Heap History (10 events):
Event: 11.029 GC heap after
Heap after GC invocations=14 (full 2):
 PSYoungGen      total 674816K, used 121391K [0x000000076ab00000, 0x00000007a0580000, 0x00000007c0000000)
  eden space 529920K, 0% used [0x000000076ab00000,0x000000076ab00000,0x000000078b080000)
  from space 144896K, 83% used [0x0000000794d80000,0x000000079c40bca8,0x000000079db00000)
  to   space 160768K, 0% used [0x000000078b080000,0x000000078b080000,0x0000000794d80000)
 ParOldGen       total 317952K, used 266179K [0x00000006c0000000, 0x00000006d3680000, 0x000000076ab00000)
  object space 317952K, 83% used [0x00000006c0000000,0x00000006d03f0f78,0x00000006d3680000)
 Metaspace       used 6526K, capacity 7280K, committed 7552K, reserved 1056768K
  class space    used 595K, capacity 616K, committed 640K, reserved 1048576K
}
Event: 11.029 GC heap before
{Heap before GC invocations=15 (full 3):
 PSYoungGen      total 674816K, used 121391K [0x000000076ab00000, 0x00000007a0580000, 0x00000007c0000000)
  eden space 529920K, 0% used [0x000000076ab00000,0x000000076ab00000,0x000000078b080000)
  from space 144896K, 83% used [0x0000000794d80000,0x000000079c40bca8,0x000000079db00000)
  to   space 160768K, 0% used [0x000000078b080000,0x000000078b080000,0x0000000794d80000)
 ParOldGen       total 317952K, used 266179K [0x00000006c0000000, 0x00000006d3680000, 0x000000076ab00000)
  object space 317952K, 83% used [0x00000006c0000000,0x00000006d03f0f78,0x00000006d3680000)
 Metaspace       used 6526K, capacity 7280K, committed 7552K, reserved 1056768K
  class space    used 595K, capacity 616K, committed 640K, reserved 1048576K
Event: 13.409 GC heap after
Heap after GC invocations=15 (full 3):
 PSYoungGen      total 674816K, used 62594K [0x000000076ab00000, 0x00000007a0580000, 0x00000007c0000000)
  eden space 529920K, 0% used [0x000000076ab00000,0x000000076ab00000,0x000000078b080000)
  from space 144896K, 43% used [0x0000000794d80000,0x0000000798aa0988,0x000000079db00000)
  to   space 160768K, 0% used [0x000000078b080000,0x000000078b080000,0x0000000794d80000)
 ParOldGen       total 503808K, used 317464K [0x00000006c0000000, 0x00000006dec00000, 0x000000076ab00000)
  object space 503808K, 63% used [0x00000006c0000000,0x00000006d36063d0,0x00000006dec00000)
 Metaspace       used 6526K, capacity 7280K, committed 7552K, reserved 1056768K
  class space    used 595K, capacity 616K, committed 640K, reserved 1048576K
}
Event: 14.945 GC heap before
{Heap before GC invocations=16 (full 3):
 PSYoungGen      total 674816K, used 592514K [0x000000076ab00000, 0x00000007a0580000, 0x00000007c0000000)
  eden space 529920K, 100% used [0x000000076ab00000,0x000000078b080000,0x000000078b080000)
  from space 144896K, 43% used [0x0000000794d80000,0x0000000798aa0988,0x000000079db00000)
  to   space 160768K, 0% used [0x000000078b080000,0x000000078b080000,0x0000000794d80000)
 ParOldGen       total 503808K, used 317464K [0x00000006c0000000, 0x00000006dec00000, 0x000000076ab00000)
  object space 503808K, 63% used [0x00000006c0000000,0x00000006d36063d0,0x00000006dec00000)
 Metaspace       used 6528K, capacity 7280K, committed 7552K, reserved 1056768K
  class space    used 595K, capacity 616K, committed 640K, reserved 1048576K
Event: 15.269 GC heap after
Heap after GC invocations=16 (full 3):
 PSYoungGen      total 690688K, used 142569K [0x000000076ab00000, 0x00000007a6480000, 0x00000007c0000000)
  eden space 529920K, 0% used [0x000000076ab00000,0x000000076ab00000,0x000000078b080000)
  from space 160768K, 88% used [0x000000078b080000,0x0000000793bba5a0,0x0000000794d80000)
  to   space 181248K, 0% used [0x000000079b380000,0x000000079b380000,0x00000007a6480000)
 ParOldGen       total 503808K, used 317464K [0x00000006c0000000, 0x00000006dec00000, 0x000000076ab00000)
  object space 503808K, 63% used [0x00000006c0000000,0x00000006d36063d0,0x00000006dec00000)
 Metaspace       used 6528K, capacity 7280K, committed 7552K, reserved 1056768K
  class space    used 595K, capacity 616K, committed 640K, reserved 1048576K
}
Event: 15.921 GC heap before
{Heap before GC invocations=17 (full 3):
 PSYoungGen      total 690688K, used 672489K [0x000000076ab00000, 0x00000007a6480000, 0x00000007c0000000)
  eden space 529920K, 100% used [0x000000076ab00000,0x000000078b080000,0x000000078b080000)
  from space 160768K, 88% used [0x000000078b080000,0x0000000793bba5a0,0x0000000794d80000)
  to   space 181248K, 0% used [0x000000079b380000,0x000000079b380000,0x00000007a6480000)
 ParOldGen       total 503808K, used 317464K [0x00000006c0000000, 0x00000006dec00000, 0x000000076ab00000)
  object space 503808K, 63% used [0x00000006c0000000,0x00000006d36063d0,0x00000006dec00000)
 Metaspace       used 6528K, capacity 7280K, committed 7552K, reserved 1056768K
  class space    used 595K, capacity 616K, committed 640K, reserved 1048576K
Event: 16.167 GC heap after
Heap after GC invocations=17 (full 3):
 PSYoungGen      total 748032K, used 181245K [0x000000076ab00000, 0x00000007ad700000, 0x00000007c0000000)
  eden space 566784K, 0% used [0x000000076ab00000,0x000000076ab00000,0x000000078d480000)
  from space 181248K, 99% used [0x000000079b380000,0x00000007a647f6e8,0x00000007a6480000)
  to   space 228352K, 0% used [0x000000078d480000,0x000000078d480000,0x000000079b380000)
 ParOldGen       total 503808K, used 361948K [0x00000006c0000000, 0x00000006dec00000, 0x000000076ab00000)
  object space 503808K, 71% used [0x00000006c0000000,0x00000006d6177378,0x00000006dec00000)
 Metaspace       used 6528K, capacity 7280K, committed 7552K, reserved 1056768K
  class space    used 595K, capacity 616K, committed 640K, reserved 1048576K
}
Event: 16.831 GC heap before
{Heap before GC invocations=18 (full 3):
 PSYoungGen      total 748032K, used 748029K [0x000000076ab00000, 0x00000007ad700000, 0x00000007c0000000)
  eden space 566784K, 100% used [0x000000076ab00000,0x000000078d480000,0x000000078d480000)
  from space 181248K, 99% used [0x000000079b380000,0x00000007a647f6e8,0x00000007a6480000)
  to   space 228352K, 0% used [0x000000078d480000,0x000000078d480000,0x000000079b380000)
 ParOldGen       total 503808K, used 361948K [0x00000006c0000000, 0x00000006dec00000, 0x000000076ab00000)
  object space 503808K, 71% used [0x00000006c0000000,0x00000006d6177378,0x00000006dec00000)
 Metaspace       used 6529K, capacity 7280K, committed 7552K, reserved 1056768K
  class space    used 595K, capacity 616K, committed 640K, reserved 1048576K
Event: 17.048 GC heap after
Heap after GC invocations=18 (full 3):
 PSYoungGen      total 795136K, used 228340K [0x000000076ab00000, 0x00000007ad700000, 0x00000007c0000000)
  eden space 566784K, 0% used [0x000000076ab00000,0x000000076ab00000,0x000000078d480000)
  from space 228352K, 99% used [0x000000078d480000,0x000000079b37d000,0x000000079b380000)
  to   space 181248K, 0% used [0x000000079b380000,0x000000079b380000,0x00000007a6480000)
 ParOldGen       total 503808K, used 403371K [0x00000006c0000000, 0x00000006dec00000, 0x000000076ab00000)
  object space 503808K, 80% used [0x00000006c0000000,0x00000006d89ead10,0x00000006dec00000)
 Metaspace       used 6529K, capacity 7280K, committed 7552K, reserved 1056768K
  class space    used 595K, capacity 616K, committed 640K, reserved 1048576K
}
Event: 17.924 GC heap before
{Heap before GC invocations=19 (full 3):
 PSYoungGen      total 795136K, used 795124K [0x000000076ab00000, 0x00000007ad700000, 0x00000007c0000000)
  eden space 566784K, 100% used [0x000000076ab00000,0x000000078d480000,0x000000078d480000)
  from space 228352K, 99% used [0x000000078d480000,0x000000079b37d000,0x000000079b380000)
  to   space 181248K, 0% used [0x000000079b380000,0x000000079b380000,0x00000007a6480000)
 ParOldGen       total 503808K, used 403371K [0x00000006c0000000, 0x00000006dec00000, 0x000000076ab00000)
  object space 503808K, 80% used [0x00000006c0000000,0x00000006d89ead10,0x00000006dec00000)
 Metaspace       used 6565K, capacity 7344K, committed 7552K, reserved 1056768K
  class space    used 597K, capacity 616K, committed 640K, reserved 1048576K

