# JRE version: OpenJDK Runtime Environment (8.0_76-b03) (build 1.8.0_76-release-b03)
# Java VM: OpenJDK 64-Bit Server VM (25.76-b03 mixed mode windows-amd64 compressed oops)
Heap:
 PSYoungGen      total 676864K, used 632906K [0x000000076ab00000, 0x000000079fc00000, 0x00000007c0000000)
  eden space 519680K, 100% used [0x000000076ab00000,0x000000078a680000,0x000000078a680000)
  from space 157184K, 72% used [0x000000078a680000,0x0000000791512bf8,0x0000000794000000)
  to   space 137216K, 0% used [0x0000000794000000,0x0000000794000000,0x000000079c600000)
 ParOldGen       total 344576K, used 344524K [0x00000006c0000000, 0x00000006d5080000, 0x000000076ab00000)
  object space 344576K, 99% used [0x00000006c0000000,0x00000006d5073310,0x00000006d5080000)
 Metaspace       used 6530K, capacity 7280K, committed 7552K, reserved 1056768K
  class space    used 595K, capacity 616K, committed 640K, reserved 1048576K
GC Heap History (10 events):
Event: 5.144 GC heap after
Heap after GC invocations=12 (full 2):
 PSYoungGen      total 508928K, used 53488K [0x000000076ab00000, 0x000000079c300000, 0x00000007c0000000)
  eden space 448512K, 0% used [0x000000076ab00000,0x000000076ab00000,0x0000000786100000)
  from space 60416K, 88% used [0x000000078cf80000,0x00000007903bc108,0x0000000790a80000)
  to   space 113152K, 0% used [0x0000000786100000,0x0000000786100000,0x000000078cf80000)
 ParOldGen       total 344576K, used 198603K [0x00000006c0000000, 0x00000006d5080000, 0x000000076ab00000)
  object space 344576K, 57% used [0x00000006c0000000,0x00000006cc1f2c10,0x00000006d5080000)
 Metaspace       used 6515K, capacity 7280K, committed 7552K, reserved 1056768K
  class space    used 594K, capacity 616K, committed 640K, reserved 1048576K
}
Event: 5.770 GC heap before
{Heap before GC invocations=13 (full 2):
 PSYoungGen      total 508928K, used 502000K [0x000000076ab00000, 0x000000079c300000, 0x00000007c0000000)
  eden space 448512K, 100% used [0x000000076ab00000,0x0000000786100000,0x0000000786100000)
  from space 60416K, 88% used [0x000000078cf80000,0x00000007903bc108,0x0000000790a80000)
  to   space 113152K, 0% used [0x0000000786100000,0x0000000786100000,0x000000078cf80000)
 ParOldGen       total 344576K, used 198603K [0x00000006c0000000, 0x00000006d5080000, 0x000000076ab00000)
  object space 344576K, 57% used [0x00000006c0000000,0x00000006cc1f2c10,0x00000006d5080000)
 Metaspace       used 6523K, capacity 7280K, committed 7552K, reserved 1056768K
  class space    used 595K, capacity 616K, committed 640K, reserved 1048576K
Event: 5.908 GC heap after
Heap after GC invocations=13 (full 2):
 PSYoungGen      total 561664K, used 113132K [0x000000076ab00000, 0x000000079c600000, 0x00000007c0000000)
  eden space 448512K, 0% used [0x000000076ab00000,0x000000076ab00000,0x0000000786100000)
  from space 113152K, 99% used [0x0000000786100000,0x000000078cf7b178,0x000000078cf80000)
  to   space 137216K, 0% used [0x0000000794000000,0x0000000794000000,0x000000079c600000)
 ParOldGen       total 344576K, used 212203K [0x00000006c0000000, 0x00000006d5080000, 0x000000076ab00000)
  object space 344576K, 61% used [0x00000006c0000000,0x00000006ccf3af68,0x00000006d5080000)
 Metaspace       used 6523K, capacity 7280K, committed 7552K, reserved 1056768K
  class space    used 595K, capacity 616K, committed 640K, reserved 1048576K
}
Event: 6.494 GC heap before
{Heap before GC invocations=14 (full 2):
 PSYoungGen      total 561664K, used 561644K [0x000000076ab00000, 0x000000079c600000, 0x00000007c0000000)
  eden space 448512K, 100% used [0x000000076ab00000,0x0000000786100000,0x0000000786100000)
  from space 113152K, 99% used [0x0000000786100000,0x000000078cf7b178,0x000000078cf80000)
  to   space 137216K, 0% used [0x0000000794000000,0x0000000794000000,0x000000079c600000)
 ParOldGen       total 344576K, used 212203K [0x00000006c0000000, 0x00000006d5080000, 0x000000076ab00000)
  object space 344576K, 61% used [0x00000006c0000000,0x00000006ccf3af68,0x00000006d5080000)
 Metaspace       used 6525K, capacity 7280K, committed 7552K, reserved 1056768K
  class space    used 595K, capacity 616K, committed 640K, reserved 1048576K
Event: 6.654 GC heap after
Heap after GC invocations=14 (full 2):
 PSYoungGen      total 656896K, used 128185K [0x000000076ab00000, 0x000000079fc00000, 0x00000007c0000000)
  eden space 519680K, 0% used [0x000000076ab00000,0x000000076ab00000,0x000000078a680000)
  from space 137216K, 93% used [0x0000000794000000,0x000000079bd2e7f8,0x000000079c600000)
  to   space 157184K, 0% used [0x000000078a680000,0x000000078a680000,0x0000000794000000)
 ParOldGen       total 344576K, used 256458K [0x00000006c0000000, 0x00000006d5080000, 0x000000076ab00000)
  object space 344576K, 74% used [0x00000006c0000000,0x00000006cfa728e8,0x00000006d5080000)
 Metaspace       used 6525K, capacity 7280K, committed 7552K, reserved 1056768K
  class space    used 595K, capacity 616K, committed 640K, reserved 1048576K
}
Event: 7.988 GC heap before
{Heap before GC invocations=15 (full 2):
 PSYoungGen      total 656896K, used 647865K [0x000000076ab00000, 0x000000079fc00000, 0x00000007c0000000)
  eden space 519680K, 100% used [0x000000076ab00000,0x000000078a680000,0x000000078a680000)
  from space 137216K, 93% used [0x0000000794000000,0x000000079bd2e7f8,0x000000079c600000)
  to   space 157184K, 0% used [0x000000078a680000,0x000000078a680000,0x0000000794000000)
 ParOldGen       total 344576K, used 256458K [0x00000006c0000000, 0x00000006d5080000, 0x000000076ab00000)
  object space 344576K, 74% used [0x00000006c0000000,0x00000006cfa728e8,0x00000006d5080000)
 Metaspace       used 6530K, capacity 7280K, committed 7552K, reserved 1056768K
  class space    used 595K, capacity 616K, committed 640K, reserved 1048576K
Event: 8.215 GC heap after
Heap after GC invocations=15 (full 2):
 PSYoungGen      total 676864K, used 157161K [0x000000076ab00000, 0x000000079fc00000, 0x00000007c0000000)
  eden space 519680K, 0% used [0x000000076ab00000,0x000000076ab00000,0x000000078a680000)
  from space 157184K, 99% used [0x000000078a680000,0x0000000793ffa758,0x0000000794000000)
  to   space 137216K, 0% used [0x0000000794000000,0x0000000794000000,0x000000079c600000)
 ParOldGen       total 344576K, used 310799K [0x00000006c0000000, 0x00000006d5080000, 0x000000076ab00000)
  object space 344576K, 90% used [0x00000006c0000000,0x00000006d2f83c88,0x00000006d5080000)
 Metaspace       used 6530K, capacity 7280K, committed 7552K, reserved 1056768K
  class space    used 595K, capacity 616K, committed 640K, reserved 1048576K
}
Event: 8.215 GC heap before
{Heap before GC invocations=16 (full 3):
 PSYoungGen      total 676864K, used 157161K [0x000000076ab00000, 0x000000079fc00000, 0x00000007c0000000)
  eden space 519680K, 0% used [0x000000076ab00000,0x000000076ab00000,0x000000078a680000)
  from space 157184K, 99% used [0x000000078a680000,0x0000000793ffa758,0x0000000794000000)
  to   space 137216K, 0% used [0x0000000794000000,0x0000000794000000,0x000000079c600000)
 ParOldGen       total 344576K, used 310799K [0x00000006c0000000, 0x00000006d5080000, 0x000000076ab00000)
  object space 344576K, 90% used [0x00000006c0000000,0x00000006d2f83c88,0x00000006d5080000)
 Metaspace       used 6530K, capacity 7280K, committed 7552K, reserved 1056768K
  class space    used 595K, capacity 616K, committed 640K, reserved 1048576K
Event: 9.512 GC heap after
Heap after GC invocations=16 (full 3):
 PSYoungGen      total 676864K, used 113226K [0x000000076ab00000, 0x000000079fc00000, 0x00000007c0000000)
  eden space 519680K, 0% used [0x000000076ab00000,0x000000076ab00000,0x000000078a680000)
  from space 157184K, 72% used [0x000000078a680000,0x0000000791512bf8,0x0000000794000000)
  to   space 137216K, 0% used [0x0000000794000000,0x0000000794000000,0x000000079c600000)
 ParOldGen       total 344576K, used 344524K [0x00000006c0000000, 0x00000006d5080000, 0x000000076ab00000)
  object space 344576K, 99% used [0x00000006c0000000,0x00000006d5073310,0x00000006d5080000)
 Metaspace       used 6530K, capacity 7280K, committed 7552K, reserved 1056768K
  class space    used 595K, capacity 616K, committed 640K, reserved 1048576K
}
Event: 10.212 GC heap before
{Heap before GC invocations=17 (full 4):
 PSYoungGen      total 676864K, used 632906K [0x000000076ab00000, 0x000000079fc00000, 0x00000007c0000000)
  eden space 519680K, 100% used [0x000000076ab00000,0x000000078a680000,0x000000078a680000)
  from space 157184K, 72% used [0x000000078a680000,0x0000000791512bf8,0x0000000794000000)
  to   space 137216K, 0% used [0x0000000794000000,0x0000000794000000,0x000000079c600000)
 ParOldGen       total 344576K, used 344524K [0x00000006c0000000, 0x00000006d5080000, 0x000000076ab00000)
  object space 344576K, 99% used [0x00000006c0000000,0x00000006d5073310,0x00000006d5080000)
 Metaspace       used 6530K, capacity 7280K, committed 7552K, reserved 1056768K
  class space    used 595K, capacity 616K, committed 640K, reserved 1048576K

