# JRE version: OpenJDK Runtime Environment (8.0_76-b03) (build 1.8.0_76-release-b03)
# Java VM: OpenJDK 64-Bit Server VM (25.76-b03 mixed mode windows-amd64 compressed oops)
Heap:
 PSYoungGen      total 965120K, used 620122K [0x000000076ab00000, 0x00000007b6600000, 0x00000007c0000000)
  eden space 721408K, 57% used [0x000000076ab00000,0x0000000783e79a88,0x0000000796b80000)
  from space 243712K, 84% used [0x0000000796b80000,0x00000007a359cf40,0x00000007a5980000)
  to   space 230912K, 0% used [0x00000007a5980000,0x00000007a5980000,0x00000007b3b00000)
 ParOldGen       total 897536K, used 602436K [0x00000006c0000000, 0x00000006f6c80000, 0x000000076ab00000)
  object space 897536K, 67% used [0x00000006c0000000,0x00000006e4c51240,0x00000006f6c80000)
 Metaspace       used 6894K, capacity 7538K, committed 7808K, reserved 1056768K
  class space    used 616K, capacity 618K, committed 640K, reserved 1048576K
GC Heap History (10 events):
Event: 8.969 GC heap before
{Heap before GC invocations=17 (full 3):
 PSYoungGen      total 664064K, used 564461K [0x000000076ab00000, 0x00000007a4980000, 0x00000007c0000000)
  eden space 497152K, 100% used [0x000000076ab00000,0x0000000789080000,0x0000000789080000)
  from space 166912K, 40% used [0x0000000789080000,0x000000078d23b4e8,0x0000000793380000)
  to   space 163328K, 0% used [0x000000079aa00000,0x000000079aa00000,0x00000007a4980000)
 ParOldGen       total 602624K, used 379750K [0x00000006c0000000, 0x00000006e4c80000, 0x000000076ab00000)
  object space 602624K, 63% used [0x00000006c0000000,0x00000006d72d9af0,0x00000006e4c80000)
 Metaspace       used 6510K, capacity 7280K, committed 7552K, reserved 1056768K
  class space    used 594K, capacity 616K, committed 640K, reserved 1048576K
Event: 9.153 GC heap after
Heap after GC invocations=17 (full 3):
 PSYoungGen      total 765440K, used 143634K [0x000000076ab00000, 0x00000007a5c00000, 0x00000007c0000000)
  eden space 602112K, 0% used [0x000000076ab00000,0x000000076ab00000,0x000000078f700000)
  from space 163328K, 87% used [0x000000079aa00000,0x00000007a3644b20,0x00000007a4980000)
  to   space 182784K, 0% used [0x000000078f700000,0x000000078f700000,0x000000079a980000)
 ParOldGen       total 602624K, used 379750K [0x00000006c0000000, 0x00000006e4c80000, 0x000000076ab00000)
  object space 602624K, 63% used [0x00000006c0000000,0x00000006d72d9af0,0x00000006e4c80000)
 Metaspace       used 6510K, capacity 7280K, committed 7552K, reserved 1056768K
  class space    used 594K, capacity 616K, committed 640K, reserved 1048576K
}
Event: 9.840 GC heap before
{Heap before GC invocations=18 (full 3):
 PSYoungGen      total 765440K, used 745746K [0x000000076ab00000, 0x00000007a5c00000, 0x00000007c0000000)
  eden space 602112K, 100% used [0x000000076ab00000,0x000000078f700000,0x000000078f700000)
  from space 163328K, 87% used [0x000000079aa00000,0x00000007a3644b20,0x00000007a4980000)
  to   space 182784K, 0% used [0x000000078f700000,0x000000078f700000,0x000000079a980000)
 ParOldGen       total 602624K, used 379750K [0x00000006c0000000, 0x00000006e4c80000, 0x000000076ab00000)
  object space 602624K, 63% used [0x00000006c0000000,0x00000006d72d9af0,0x00000006e4c80000)
 Metaspace       used 6510K, capacity 7280K, committed 7552K, reserved 1056768K
  class space    used 594K, capacity 616K, committed 640K, reserved 1048576K
Event: 9.993 GC heap after
Heap after GC invocations=18 (full 3):
 PSYoungGen      total 784896K, used 182753K [0x000000076ab00000, 0x00000007b3b00000, 0x00000007c0000000)
  eden space 602112K, 0% used [0x000000076ab00000,0x000000076ab00000,0x000000078f700000)
  from space 182784K, 99% used [0x000000078f700000,0x000000079a978650,0x000000079a980000)
  to   space 230912K, 0% used [0x00000007a5980000,0x00000007a5980000,0x00000007b3b00000)
 ParOldGen       total 602624K, used 427886K [0x00000006c0000000, 0x00000006e4c80000, 0x000000076ab00000)
  object space 602624K, 71% used [0x00000006c0000000,0x00000006da1dbbe8,0x00000006e4c80000)
 Metaspace       used 6510K, capacity 7280K, committed 7552K, reserved 1056768K
  class space    used 594K, capacity 616K, committed 640K, reserved 1048576K
}
Event: 10.689 GC heap before
{Heap before GC invocations=19 (full 3):
 PSYoungGen      total 784896K, used 784865K [0x000000076ab00000, 0x00000007b3b00000, 0x00000007c0000000)
  eden space 602112K, 100% used [0x000000076ab00000,0x000000078f700000,0x000000078f700000)
  from space 182784K, 99% used [0x000000078f700000,0x000000079a978650,0x000000079a980000)
  to   space 230912K, 0% used [0x00000007a5980000,0x00000007a5980000,0x00000007b3b00000)
 ParOldGen       total 602624K, used 427886K [0x00000006c0000000, 0x00000006e4c80000, 0x000000076ab00000)
  object space 602624K, 71% used [0x00000006c0000000,0x00000006da1dbbe8,0x00000006e4c80000)
 Metaspace       used 6549K, capacity 7280K, committed 7552K, reserved 1056768K
  class space    used 596K, capacity 616K, committed 640K, reserved 1048576K
Event: 10.994 GC heap after
Heap after GC invocations=19 (full 3):
 PSYoungGen      total 952320K, used 160895K [0x000000076ab00000, 0x00000007b6600000, 0x00000007c0000000)
  eden space 721408K, 0% used [0x000000076ab00000,0x000000076ab00000,0x0000000796b80000)
  from space 230912K, 69% used [0x00000007a5980000,0x00000007af69ff68,0x00000007b3b00000)
  to   space 243712K, 0% used [0x0000000796b80000,0x0000000796b80000,0x00000007a5980000)
 ParOldGen       total 602624K, used 550169K [0x00000006c0000000, 0x00000006e4c80000, 0x000000076ab00000)
  object space 602624K, 91% used [0x00000006c0000000,0x00000006e1946400,0x00000006e4c80000)
 Metaspace       used 6549K, capacity 7280K, committed 7552K, reserved 1056768K
  class space    used 596K, capacity 616K, committed 640K, reserved 1048576K
}
Event: 10.994 GC heap before
{Heap before GC invocations=20 (full 4):
 PSYoungGen      total 952320K, used 160895K [0x000000076ab00000, 0x00000007b6600000, 0x00000007c0000000)
  eden space 721408K, 0% used [0x000000076ab00000,0x000000076ab00000,0x0000000796b80000)
  from space 230912K, 69% used [0x00000007a5980000,0x00000007af69ff68,0x00000007b3b00000)
  to   space 243712K, 0% used [0x0000000796b80000,0x0000000796b80000,0x00000007a5980000)
 ParOldGen       total 602624K, used 550169K [0x00000006c0000000, 0x00000006e4c80000, 0x000000076ab00000)
  object space 602624K, 91% used [0x00000006c0000000,0x00000006e1946400,0x00000006e4c80000)
 Metaspace       used 6549K, capacity 7280K, committed 7552K, reserved 1056768K
  class space    used 596K, capacity 616K, committed 640K, reserved 1048576K
Event: 13.382 GC heap after
Heap after GC invocations=20 (full 4):
 PSYoungGen      total 952320K, used 99825K [0x000000076ab00000, 0x00000007b6600000, 0x00000007c0000000)
  eden space 721408K, 0% used [0x000000076ab00000,0x000000076ab00000,0x0000000796b80000)
  from space 230912K, 43% used [0x00000007a5980000,0x00000007abafc7e8,0x00000007b3b00000)
  to   space 243712K, 0% used [0x0000000796b80000,0x0000000796b80000,0x00000007a5980000)
 ParOldGen       total 897536K, used 602436K [0x00000006c0000000, 0x00000006f6c80000, 0x000000076ab00000)
  object space 897536K, 67% used [0x00000006c0000000,0x00000006e4c51240,0x00000006f6c80000)
 Metaspace       used 6549K, capacity 7280K, committed 7552K, reserved 1056768K
  class space    used 596K, capacity 616K, committed 640K, reserved 1048576K
}
Event: 14.462 GC heap before
{Heap before GC invocations=21 (full 4):
 PSYoungGen      total 952320K, used 821233K [0x000000076ab00000, 0x00000007b6600000, 0x00000007c0000000)
  eden space 721408K, 100% used [0x000000076ab00000,0x0000000796b80000,0x0000000796b80000)
  from space 230912K, 43% used [0x00000007a5980000,0x00000007abafc7e8,0x00000007b3b00000)
  to   space 243712K, 0% used [0x0000000796b80000,0x0000000796b80000,0x00000007a5980000)
 ParOldGen       total 897536K, used 602436K [0x00000006c0000000, 0x00000006f6c80000, 0x000000076ab00000)
  object space 897536K, 67% used [0x00000006c0000000,0x00000006e4c51240,0x00000006f6c80000)
 Metaspace       used 6678K, capacity 7346K, committed 7552K, reserved 1056768K
  class space    used 604K, capacity 618K, committed 640K, reserved 1048576K
Event: 14.808 GC heap after
Heap after GC invocations=21 (full 4):
 PSYoungGen      total 965120K, used 206963K [0x000000076ab00000, 0x00000007b6600000, 0x00000007c0000000)
  eden space 721408K, 0% used [0x000000076ab00000,0x000000076ab00000,0x0000000796b80000)
  from space 243712K, 84% used [0x0000000796b80000,0x00000007a359cf40,0x00000007a5980000)
  to   space 230912K, 0% used [0x00000007a5980000,0x00000007a5980000,0x00000007b3b00000)
 ParOldGen       total 897536K, used 602436K [0x00000006c0000000, 0x00000006f6c80000, 0x000000076ab00000)
  object space 897536K, 67% used [0x00000006c0000000,0x00000006e4c51240,0x00000006f6c80000)
 Metaspace       used 6678K, capacity 7346K, committed 7552K, reserved 1056768K
  class space    used 604K, capacity 618K, committed 640K, reserved 1048576K
}

