# JRE version: OpenJDK Runtime Environment (8.0_76-b03) (build 1.8.0_76-release-b03)
# Java VM: OpenJDK 64-Bit Server VM (25.76-b03 mixed mode windows-amd64 compressed oops)
Heap:
 PSYoungGen      total 871424K, used 342410K [0x000000076ab00000, 0x00000007b8f80000, 0x00000007c0000000)
  eden space 659968K, 28% used [0x000000076ab00000,0x000000077631e090,0x0000000792f80000)
  from space 211456K, 72% used [0x0000000792f80000,0x000000079c5c4838,0x000000079fe00000)
  to   space 267264K, 0% used [0x00000007a8a80000,0x00000007a8a80000,0x00000007b8f80000)
 ParOldGen       total 955392K, used 663208K [0x00000006c0000000, 0x00000006fa500000, 0x000000076ab00000)
  object space 955392K, 69% used [0x00000006c0000000,0x00000006e87aa028,0x00000006fa500000)
 Metaspace       used 6675K, capacity 7346K, committed 7552K, reserved 1056768K
  class space    used 606K, capacity 618K, committed 640K, reserved 1048576K
GC Heap History (10 events):
Event: 22.980 GC heap before
{Heap before GC invocations=20 (full 4):
 PSYoungGen      total 641536K, used 554451K [0x000000076ab00000, 0x00000007a0880000, 0x00000007c0000000)
  eden space 523776K, 100% used [0x000000076ab00000,0x000000078aa80000,0x000000078aa80000)
  from space 117760K, 26% used [0x000000078aa80000,0x000000078c874d98,0x0000000791d80000)
  to   space 125440K, 0% used [0x0000000798e00000,0x0000000798e00000,0x00000007a0880000)
 ParOldGen       total 663552K, used 431784K [0x00000006c0000000, 0x00000006e8800000, 0x000000076ab00000)
  object space 663552K, 65% used [0x00000006c0000000,0x00000006da5aa220,0x00000006e8800000)
 Metaspace       used 6511K, capacity 7280K, committed 7552K, reserved 1056768K
  class space    used 596K, capacity 616K, committed 640K, reserved 1048576K
Event: 23.490 GC heap after
Heap after GC invocations=20 (full 4):
 PSYoungGen      total 734720K, used 108587K [0x000000076ab00000, 0x00000007a0f00000, 0x00000007c0000000)
  eden space 609280K, 0% used [0x000000076ab00000,0x000000076ab00000,0x000000078fe00000)
  from space 125440K, 86% used [0x0000000798e00000,0x000000079f80af88,0x00000007a0880000)
  to   space 139776K, 0% used [0x000000078fe00000,0x000000078fe00000,0x0000000798680000)
 ParOldGen       total 663552K, used 431784K [0x00000006c0000000, 0x00000006e8800000, 0x000000076ab00000)
  object space 663552K, 65% used [0x00000006c0000000,0x00000006da5aa220,0x00000006e8800000)
 Metaspace       used 6511K, capacity 7280K, committed 7552K, reserved 1056768K
  class space    used 596K, capacity 616K, committed 640K, reserved 1048576K
}
Event: 24.911 GC heap before
{Heap before GC invocations=21 (full 4):
 PSYoungGen      total 734720K, used 717867K [0x000000076ab00000, 0x00000007a0f00000, 0x00000007c0000000)
  eden space 609280K, 100% used [0x000000076ab00000,0x000000078fe00000,0x000000078fe00000)
  from space 125440K, 86% used [0x0000000798e00000,0x000000079f80af88,0x00000007a0880000)
  to   space 139776K, 0% used [0x000000078fe00000,0x000000078fe00000,0x0000000798680000)
 ParOldGen       total 663552K, used 431784K [0x00000006c0000000, 0x00000006e8800000, 0x000000076ab00000)
  object space 663552K, 65% used [0x00000006c0000000,0x00000006da5aa220,0x00000006e8800000)
 Metaspace       used 6547K, capacity 7280K, committed 7552K, reserved 1056768K
  class space    used 598K, capacity 616K, committed 640K, reserved 1048576K
Event: 25.366 GC heap after
Heap after GC invocations=21 (full 4):
 PSYoungGen      total 749056K, used 139760K [0x000000076ab00000, 0x00000007ab480000, 0x00000007c0000000)
  eden space 609280K, 0% used [0x000000076ab00000,0x000000076ab00000,0x000000078fe00000)
  from space 139776K, 99% used [0x000000078fe00000,0x000000079867c010,0x0000000798680000)
  to   space 186880K, 0% used [0x000000079fe00000,0x000000079fe00000,0x00000007ab480000)
 ParOldGen       total 663552K, used 497191K [0x00000006c0000000, 0x00000006e8800000, 0x000000076ab00000)
  object space 663552K, 74% used [0x00000006c0000000,0x00000006de589d18,0x00000006e8800000)
 Metaspace       used 6547K, capacity 7280K, committed 7552K, reserved 1056768K
  class space    used 598K, capacity 616K, committed 640K, reserved 1048576K
}
Event: 26.901 GC heap before
{Heap before GC invocations=22 (full 4):
 PSYoungGen      total 749056K, used 749040K [0x000000076ab00000, 0x00000007ab480000, 0x00000007c0000000)
  eden space 609280K, 100% used [0x000000076ab00000,0x000000078fe00000,0x000000078fe00000)
  from space 139776K, 99% used [0x000000078fe00000,0x000000079867c010,0x0000000798680000)
  to   space 186880K, 0% used [0x000000079fe00000,0x000000079fe00000,0x00000007ab480000)
 ParOldGen       total 663552K, used 497191K [0x00000006c0000000, 0x00000006e8800000, 0x000000076ab00000)
  object space 663552K, 74% used [0x00000006c0000000,0x00000006de589d18,0x00000006e8800000)
 Metaspace       used 6557K, capacity 7280K, committed 7552K, reserved 1056768K
  class space    used 599K, capacity 616K, committed 640K, reserved 1048576K
Event: 27.297 GC heap after
Heap after GC invocations=22 (full 4):
 PSYoungGen      total 846848K, used 168542K [0x000000076ab00000, 0x00000007ae780000, 0x00000007c0000000)
  eden space 659968K, 0% used [0x000000076ab00000,0x000000076ab00000,0x0000000792f80000)
  from space 186880K, 90% used [0x000000079fe00000,0x00000007aa297aa8,0x00000007ab480000)
  to   space 211456K, 0% used [0x0000000792f80000,0x0000000792f80000,0x000000079fe00000)
 ParOldGen       total 663552K, used 563641K [0x00000006c0000000, 0x00000006e8800000, 0x000000076ab00000)
  object space 663552K, 84% used [0x00000006c0000000,0x00000006e266e4c0,0x00000006e8800000)
 Metaspace       used 6557K, capacity 7280K, committed 7552K, reserved 1056768K
  class space    used 599K, capacity 616K, committed 640K, reserved 1048576K
}
Event: 28.729 GC heap before
{Heap before GC invocations=23 (full 4):
 PSYoungGen      total 846848K, used 828510K [0x000000076ab00000, 0x00000007ae780000, 0x00000007c0000000)
  eden space 659968K, 100% used [0x000000076ab00000,0x0000000792f80000,0x0000000792f80000)
  from space 186880K, 90% used [0x000000079fe00000,0x00000007aa297aa8,0x00000007ab480000)
  to   space 211456K, 0% used [0x0000000792f80000,0x0000000792f80000,0x000000079fe00000)
 ParOldGen       total 663552K, used 563641K [0x00000006c0000000, 0x00000006e8800000, 0x000000076ab00000)
  object space 663552K, 84% used [0x00000006c0000000,0x00000006e266e4c0,0x00000006e8800000)
 Metaspace       used 6675K, capacity 7346K, committed 7552K, reserved 1056768K
  class space    used 606K, capacity 618K, committed 640K, reserved 1048576K
Event: 29.123 GC heap after
Heap after GC invocations=23 (full 4):
 PSYoungGen      total 871424K, used 211455K [0x000000076ab00000, 0x00000007b8f80000, 0x00000007c0000000)
  eden space 659968K, 0% used [0x000000076ab00000,0x000000076ab00000,0x0000000792f80000)
  from space 211456K, 99% used [0x0000000792f80000,0x000000079fdfff78,0x000000079fe00000)
  to   space 267264K, 0% used [0x00000007a8a80000,0x00000007a8a80000,0x00000007b8f80000)
 ParOldGen       total 663552K, used 618396K [0x00000006c0000000, 0x00000006e8800000, 0x000000076ab00000)
  object space 663552K, 93% used [0x00000006c0000000,0x00000006e5be70e8,0x00000006e8800000)
 Metaspace       used 6675K, capacity 7346K, committed 7552K, reserved 1056768K
  class space    used 606K, capacity 618K, committed 640K, reserved 1048576K
}
Event: 29.123 GC heap before
{Heap before GC invocations=24 (full 5):
 PSYoungGen      total 871424K, used 211455K [0x000000076ab00000, 0x00000007b8f80000, 0x00000007c0000000)
  eden space 659968K, 0% used [0x000000076ab00000,0x000000076ab00000,0x0000000792f80000)
  from space 211456K, 99% used [0x0000000792f80000,0x000000079fdfff78,0x000000079fe00000)
  to   space 267264K, 0% used [0x00000007a8a80000,0x00000007a8a80000,0x00000007b8f80000)
 ParOldGen       total 663552K, used 618396K [0x00000006c0000000, 0x00000006e8800000, 0x000000076ab00000)
  object space 663552K, 93% used [0x00000006c0000000,0x00000006e5be70e8,0x00000006e8800000)
 Metaspace       used 6675K, capacity 7346K, committed 7552K, reserved 1056768K
  class space    used 606K, capacity 618K, committed 640K, reserved 1048576K
Event: 37.155 GC heap after
Heap after GC invocations=24 (full 5):
 PSYoungGen      total 871424K, used 153874K [0x000000076ab00000, 0x00000007b8f80000, 0x00000007c0000000)
  eden space 659968K, 0% used [0x000000076ab00000,0x000000076ab00000,0x0000000792f80000)
  from space 211456K, 72% used [0x0000000792f80000,0x000000079c5c4838,0x000000079fe00000)
  to   space 267264K, 0% used [0x00000007a8a80000,0x00000007a8a80000,0x00000007b8f80000)
 ParOldGen       total 955392K, used 663208K [0x00000006c0000000, 0x00000006fa500000, 0x000000076ab00000)
  object space 955392K, 69% used [0x00000006c0000000,0x00000006e87aa028,0x00000006fa500000)
 Metaspace       used 6675K, capacity 7346K, committed 7552K, reserved 1056768K
  class space    used 606K, capacity 618K, committed 640K, reserved 1048576K
}

